TN:
SF:src\index.ts
FN:3,(anonymous_8)
FN:3,(anonymous_9)
FN:6,(anonymous_10)
FNF:3
FNH:3
FNDA:1,(anonymous_8)
FNDA:1,(anonymous_9)
FNDA:1,(anonymous_10)
DA:1,1
DA:3,1
DA:4,1
DA:6,1
DA:7,1
DA:8,1
DA:11,1
DA:14,1
LF:8
LH:8
BRDA:7,0,0,0
BRDA:7,0,1,1
BRF:2
BRH:1
end_of_record
TN:
SF:src\server.ts
FN:22,(anonymous_8)
FN:22,(anonymous_9)
FN:35,(anonymous_10)
FNF:3
FNH:2
FNDA:1,(anonymous_8)
FNDA:1,(anonymous_9)
FNDA:0,(anonymous_10)
DA:1,1
DA:3,1
DA:5,1
DA:6,1
DA:8,1
DA:10,1
DA:11,1
DA:13,1
DA:15,1
DA:19,1
DA:20,1
DA:22,1
DA:25,1
DA:27,1
DA:28,1
DA:29,1
DA:35,1
DA:36,0
DA:37,0
DA:40,1
DA:43,1
LF:21
LH:19
BRF:0
BRH:0
end_of_record
TN:
SF:src\config\db.ts
FN:7,(anonymous_1)
FN:8,(anonymous_2)
FNF:2
FNH:2
FNDA:1,(anonymous_1)
FNDA:1,(anonymous_2)
DA:1,1
DA:4,1
DA:5,1
DA:6,1
DA:7,1
DA:8,1
DA:9,1
DA:10,1
DA:12,0
DA:14,1
DA:18,1
LF:11
LH:10
BRDA:4,0,0,1
BRDA:4,0,1,1
BRDA:5,1,0,1
BRDA:5,1,1,1
BRDA:6,2,0,1
BRDA:6,2,1,1
BRDA:9,3,0,1
BRDA:9,3,1,0
BRF:8
BRH:7
end_of_record
TN:
SF:src\dao\index.ts
FNF:0
FNH:0
DA:1,2
LF:1
LH:1
BRF:0
BRH:0
end_of_record
TN:
SF:src\dao\product.ts
FN:6,(anonymous_8)
FN:6,(anonymous_9)
FN:17,(anonymous_10)
FN:17,(anonymous_11)
FN:28,(anonymous_12)
FN:28,(anonymous_13)
FN:42,(anonymous_14)
FN:42,(anonymous_15)
FN:54,(anonymous_16)
FN:54,(anonymous_17)
FNF:10
FNH:10
FNDA:1,(anonymous_8)
FNDA:1,(anonymous_9)
FNDA:1,(anonymous_10)
FNDA:1,(anonymous_11)
FNDA:4,(anonymous_12)
FNDA:4,(anonymous_13)
FNDA:1,(anonymous_14)
FNDA:1,(anonymous_15)
FNDA:1,(anonymous_16)
FNDA:1,(anonymous_17)
DA:1,2
DA:6,2
DA:7,1
DA:8,1
DA:10,0
DA:17,2
DA:18,1
DA:19,1
DA:21,0
DA:28,4
DA:29,4
DA:30,4
DA:32,1
DA:42,2
DA:43,1
DA:44,1
DA:46,0
DA:54,2
DA:55,1
DA:56,1
DA:58,0
LF:21
LH:17
BRF:0
BRH:0
end_of_record
TN:
SF:src\models\product.ts
FNF:0
FNH:0
DA:1,2
DA:3,2
DA:11,2
DA:19,2
DA:20,2
LF:5
LH:5
BRF:0
BRH:0
end_of_record
TN:
SF:src\routes\customController.ts
FN:6,(anonymous_8)
FNF:1
FNH:0
FNDA:0,(anonymous_8)
DA:1,1
DA:3,1
DA:7,0
DA:8,0
DA:10,0
DA:15,1
LF:6
LH:3
BRF:0
BRH:0
end_of_record
TN:
SF:src\routes\health.ts
FN:1,routes
FN:3,(anonymous_9)
FN:3,(anonymous_10)
FNF:3
FNH:3
FNDA:1,routes
FNDA:1,(anonymous_9)
FNDA:1,(anonymous_10)
DA:3,1
DA:4,1
DA:9,1
LF:3
LH:3
BRF:0
BRH:0
end_of_record
TN:
SF:src\routes\product.ts
FN:3,routes
FN:5,(anonymous_9)
FN:5,(anonymous_10)
FN:11,(anonymous_11)
FN:11,(anonymous_12)
FN:17,(anonymous_13)
FN:17,(anonymous_14)
FN:23,(anonymous_15)
FN:23,(anonymous_16)
FN:29,(anonymous_17)
FN:29,(anonymous_18)
FNF:11
FNH:11
FNDA:1,routes
FNDA:1,(anonymous_9)
FNDA:1,(anonymous_10)
FNDA:1,(anonymous_11)
FNDA:1,(anonymous_12)
FNDA:1,(anonymous_13)
FNDA:1,(anonymous_14)
FNDA:1,(anonymous_15)
FNDA:1,(anonymous_16)
FNDA:1,(anonymous_17)
FNDA:1,(anonymous_18)
DA:1,1
DA:5,1
DA:6,1
DA:7,1
DA:8,1
DA:11,1
DA:12,1
DA:13,1
DA:14,1
DA:17,1
DA:18,1
DA:19,1
DA:20,1
DA:23,1
DA:24,1
DA:25,1
DA:26,1
DA:29,1
DA:30,1
DA:31,1
DA:32,1
DA:37,1
LF:22
LH:22
BRF:0
BRH:0
end_of_record
TN:
SF:test\config\db.ts
FN:48,connect
FN:65,(anonymous_9)
FN:65,(anonymous_10)
FN:70,(anonymous_11)
FN:70,(anonymous_12)
FNF:5
FNH:5
FNDA:1,connect
FNDA:1,(anonymous_9)
FNDA:1,(anonymous_10)
FNDA:3,(anonymous_11)
FNDA:3,(anonymous_12)
DA:43,1
DA:44,1
DA:47,1
DA:48,1
DA:49,1
DA:50,1
DA:52,1
DA:58,1
DA:59,1
DA:60,1
DA:62,1
DA:65,1
DA:66,1
DA:67,1
DA:68,1
DA:70,3
DA:71,3
DA:72,3
DA:73,3
DA:77,1
LF:20
LH:20
BRF:0
BRH:0
end_of_record
